<?xml version="1.0" encoding="UTF-8"?>
<testsuite name="StringDrinkTest" tests="1" skipped="0" failures="0" errors="0" timestamp="2023-12-09T09:05:43" hostname="tiago-desktop" time="0.001">
  <properties/>
  <testcase name="stringDrink()" classname="StringDrinkTest" time="0.001"/>
  <system-out><![CDATA[]]></system-out>
  <system-err><![CDATA[]]></system-err>
</testsuite>
