<?xml version="1.0" encoding="UTF-8"?>
<testsuite name="StringInverterTest" tests="1" skipped="0" failures="0" errors="0" timestamp="2023-11-09T12:26:37" hostname="feup-b305d13" time="0.001">
  <properties/>
  <testcase name="stringInverter()" classname="StringInverterTest" time="0.001"/>
  <system-out><![CDATA[]]></system-out>
  <system-err><![CDATA[]]></system-err>
</testsuite>
