<?xml version="1.0" encoding="UTF-8"?>
<testsuite name="StringCaseChangerTest" tests="1" skipped="0" failures="0" errors="0" timestamp="2023-11-16T11:50:56" hostname="feup-b305d05" time="0.01">
  <properties/>
  <testcase name="stringCaseChanger()" classname="StringCaseChangerTest" time="0.01"/>
  <system-out><![CDATA[]]></system-out>
  <system-err><![CDATA[]]></system-err>
</testsuite>
